2019-06-26 17:21:13,824 INFO: Microblog startup [in /projects/trans_scratch/validations/workspace/szong/development/flask_dev/microblog/app/__init__.py:47]
2019-06-27 12:38:34,835 INFO: Microblog startup [in /projects/trans_scratch/validations/workspace/szong/development/flask_dev/microblog/app/__init__.py:47]
2019-06-27 12:38:56,754 INFO: Microblog startup [in /projects/trans_scratch/validations/workspace/szong/development/flask_dev/microblog/app/__init__.py:47]
2019-06-27 14:30:07,473 INFO: Microblog startup [in /projects/trans_scratch/validations/workspace/szong/development/flask_dev/microblog/app/__init__.py:47]
2019-06-27 14:42:22,105 INFO: Microblog startup [in /projects/trans_scratch/validations/workspace/szong/development/flask_dev/microblog/app/__init__.py:47]
2019-06-27 14:43:39,455 INFO: Microblog startup [in /projects/trans_scratch/validations/workspace/szong/development/flask_dev/microblog/app/__init__.py:47]
2019-06-27 16:55:09,716 INFO: Microblog startup [in /projects/trans_scratch/validations/workspace/szong/development/flask_dev/microblog/app/__init__.py:47]
2019-06-27 17:09:30,426 INFO: Microblog startup [in /projects/trans_scratch/validations/workspace/szong/development/flask_dev/microblog/app/__init__.py:47]
2019-06-27 17:31:32,462 INFO: Microblog startup [in /projects/trans_scratch/validations/workspace/szong/development/flask_dev/microblog/app/__init__.py:47]
2019-06-27 17:39:33,306 INFO: Microblog startup [in /projects/trans_scratch/validations/workspace/szong/development/flask_dev/microblog/app/__init__.py:47]
2019-07-08 13:27:28,203 INFO: Microblog startup [in /projects/trans_scratch/validations/workspace/szong/development/flask_dev/microblog/app/__init__.py:47]
2019-07-08 13:45:55,369 INFO: Microblog startup [in /projects/trans_scratch/validations/workspace/szong/development/flask_dev/microblog/app/__init__.py:51]
2019-07-08 13:52:21,272 INFO: Microblog startup [in /projects/trans_scratch/validations/workspace/szong/development/flask_dev/microblog/app/__init__.py:51]
2019-07-08 13:52:35,462 INFO: Microblog startup [in /projects/trans_scratch/validations/workspace/szong/development/flask_dev/microblog/app/__init__.py:51]
2019-07-08 14:26:11,418 INFO: Microblog startup [in /projects/trans_scratch/validations/workspace/szong/development/flask_dev/microblog/app/__init__.py:51]
2019-07-08 14:35:56,156 INFO: Microblog startup [in /projects/trans_scratch/validations/workspace/szong/development/flask_dev/microblog/app/__init__.py:51]
2019-07-09 12:18:13,501 INFO: Microblog startup [in /projects/trans_scratch/validations/workspace/szong/development/flask_dev/microblog/app/__init__.py:55]
2019-07-09 12:23:20,703 INFO: Microblog startup [in /projects/trans_scratch/validations/workspace/szong/development/flask_dev/microblog/app/__init__.py:55]
2019-07-25 15:58:14,283 INFO: Microblog startup [in /projects/trans_scratch/validations/workspace/szong/development/flask_dev/microblog_old/app/__init__.py:55]
2019-07-25 16:03:44,526 INFO: Microblog startup [in /projects/trans_scratch/validations/workspace/szong/development/flask_dev/microblog_old/app/__init__.py:55]
2019-07-25 16:04:17,019 ERROR: Exception on /upload [POST] [in /projects/da_workspace/software/miniconda/envs/flaskenv/lib/python3.7/site-packages/flask/app.py:1891]
Traceback (most recent call last):
  File "/projects/da_workspace/software/miniconda/envs/flaskenv/lib/python3.7/site-packages/flask/app.py", line 2446, in wsgi_app
    response = self.full_dispatch_request()
  File "/projects/da_workspace/software/miniconda/envs/flaskenv/lib/python3.7/site-packages/flask/app.py", line 1951, in full_dispatch_request
    rv = self.handle_user_exception(e)
  File "/projects/da_workspace/software/miniconda/envs/flaskenv/lib/python3.7/site-packages/flask/app.py", line 1820, in handle_user_exception
    reraise(exc_type, exc_value, tb)
  File "/projects/da_workspace/software/miniconda/envs/flaskenv/lib/python3.7/site-packages/flask/_compat.py", line 39, in reraise
    raise value
  File "/projects/da_workspace/software/miniconda/envs/flaskenv/lib/python3.7/site-packages/flask/app.py", line 1949, in full_dispatch_request
    rv = self.dispatch_request()
  File "/projects/da_workspace/software/miniconda/envs/flaskenv/lib/python3.7/site-packages/flask/app.py", line 1935, in dispatch_request
    return self.view_functions[rule.endpoint](**req.view_args)
  File "/projects/trans_scratch/validations/workspace/szong/development/flask_dev/microblog_old/app/routes.py", line 33, in upload
    form.file.data.save('uploads/' + filename)
  File "/projects/da_workspace/software/miniconda/envs/flaskenv/lib/python3.7/site-packages/werkzeug/datastructures.py", line 2799, in save
    dst = open(dst, "wb")
FileNotFoundError: [Errno 2] No such file or directory: 'uploads/newplot.png'
2019-07-25 16:10:53,676 INFO: Microblog startup [in /projects/trans_scratch/validations/workspace/szong/development/flask_dev/microblog_old/app/__init__.py:55]
